<?xml version="1.0" encoding="UTF-8"?>
<coverage generated="1770951069372" clover="3.2.0">
  <project timestamp="1770951069372" name="All files">
    <metrics statements="22" coveredstatements="22" conditionals="16" coveredconditionals="16" methods="5" coveredmethods="5" elements="43" coveredelements="43" complexity="0" loc="22" ncloc="22" packages="1" files="1" classes="1"/>
    <file name="geojson-helpers.ts" path="/Users/higuchi/Documents/dev/geojson-maker/src/lib/geojson-helpers.ts">
      <metrics statements="22" coveredstatements="22" conditionals="16" coveredconditionals="16" methods="5" coveredmethods="5"/>
      <line num="5" count="1" type="stmt"/>
      <line num="7" count="4" type="stmt"/>
      <line num="11" count="6" type="cond" truecount="2" falsecount="0"/>
      <line num="12" count="5" type="stmt"/>
      <line num="13" count="5" type="stmt"/>
      <line num="14" count="5" type="cond" truecount="2" falsecount="0"/>
      <line num="15" count="6" type="cond" truecount="2" falsecount="0"/>
      <line num="19" count="2" type="stmt"/>
      <line num="36" count="6" type="stmt"/>
      <line num="38" count="6" type="cond" truecount="2" falsecount="0"/>
      <line num="39" count="1" type="stmt"/>
      <line num="43" count="5" type="stmt"/>
      <line num="44" count="11" type="stmt"/>
      <line num="51" count="5" type="cond" truecount="2" falsecount="0"/>
      <line num="53" count="4" type="cond" truecount="4" falsecount="0"/>
      <line num="54" count="1" type="stmt"/>
      <line num="55" count="1" type="stmt"/>
      <line num="60" count="1" type="stmt"/>
      <line num="67" count="3" type="stmt"/>
      <line num="75" count="5" type="stmt"/>
      <line num="80" count="2" type="cond" truecount="2" falsecount="0"/>
      <line num="90" count="2" type="stmt"/>
    </file>
  </project>
</coverage>
