{"/Users/higuchi/Documents/dev/geojson-maker/src/lib/geojson-helpers.ts": {"path":"/Users/higuchi/Documents/dev/geojson-maker/src/lib/geojson-helpers.ts","statementMap":{"0":{"start":{"line":5,"column":23},"end":{"line":5,"column":null}},"1":{"start":{"line":7,"column":2},"end":{"line":7,"column":null}},"2":{"start":{"line":11,"column":2},"end":{"line":11,"column":null}},"3":{"start":{"line":11,"column":29},"end":{"line":11,"column":null}},"4":{"start":{"line":12,"column":16},"end":{"line":12,"column":null}},"5":{"start":{"line":13,"column":15},"end":{"line":13,"column":null}},"6":{"start":{"line":14,"column":22},"end":{"line":14,"column":null}},"7":{"start":{"line":15,"column":2},"end":{"line":15,"column":null}},"8":{"start":{"line":19,"column":2},"end":{"line":29,"column":null}},"9":{"start":{"line":36,"column":38},"end":{"line":36,"column":null}},"10":{"start":{"line":38,"column":2},"end":{"line":40,"column":null}},"11":{"start":{"line":39,"column":4},"end":{"line":39,"column":null}},"12":{"start":{"line":43,"column":2},"end":{"line":49,"column":null}},"13":{"start":{"line":44,"column":4},"end":{"line":48,"column":null}},"14":{"start":{"line":51,"column":2},"end":{"line":73,"column":null}},"15":{"start":{"line":53,"column":4},"end":{"line":72,"column":null}},"16":{"start":{"line":54,"column":21},"end":{"line":54,"column":null}},"17":{"start":{"line":55,"column":6},"end":{"line":59,"column":null}},"18":{"start":{"line":60,"column":6},"end":{"line":64,"column":null}},"19":{"start":{"line":67,"column":6},"end":{"line":71,"column":null}},"20":{"start":{"line":75,"column":2},"end":{"line":75,"column":null}},"21":{"start":{"line":80,"column":4},"end":{"line":88,"column":null}},"22":{"start":{"line":90,"column":2},"end":{"line":97,"column":null}}},"fnMap":{"0":{"name":"nextFeatureId","decl":{"start":{"line":6,"column":16},"end":{"line":6,"column":40}},"loc":{"start":{"line":6,"column":40},"end":{"line":8,"column":null}},"line":6},"1":{"name":"closePolygonRing","decl":{"start":{"line":10,"column":16},"end":{"line":10,"column":33}},"loc":{"start":{"line":10,"column":83},"end":{"line":16,"column":null}},"line":10},"2":{"name":"createPointFeature","decl":{"start":{"line":18,"column":16},"end":{"line":18,"column":35}},"loc":{"start":{"line":18,"column":98},"end":{"line":30,"column":null}},"line":18},"3":{"name":"createDraftFeatureCollection","decl":{"start":{"line":32,"column":16},"end":{"line":32,"column":null}},"loc":{"start":{"line":35,"column":29},"end":{"line":76,"column":null}},"line":35},"4":{"name":"createPathFeature","decl":{"start":{"line":78,"column":16},"end":{"line":78,"column":34}},"loc":{"start":{"line":78,"column":97},"end":{"line":98,"column":null}},"line":78}},"branchMap":{"0":{"loc":{"start":{"line":11,"column":2},"end":{"line":11,"column":null}},"type":"if","locations":[{"start":{"line":11,"column":2},"end":{"line":11,"column":null}},{"start":{},"end":{}}],"line":11},"1":{"loc":{"start":{"line":14,"column":22},"end":{"line":14,"column":null}},"type":"binary-expr","locations":[{"start":{"line":14,"column":22},"end":{"line":14,"column":46}},{"start":{"line":14,"column":46},"end":{"line":14,"column":null}}],"line":14},"2":{"loc":{"start":{"line":15,"column":9},"end":{"line":15,"column":null}},"type":"cond-expr","locations":[{"start":{"line":15,"column":23},"end":{"line":15,"column":46}},{"start":{"line":15,"column":46},"end":{"line":15,"column":null}}],"line":15},"3":{"loc":{"start":{"line":38,"column":2},"end":{"line":40,"column":null}},"type":"if","locations":[{"start":{"line":38,"column":2},"end":{"line":40,"column":null}},{"start":{},"end":{}}],"line":38},"4":{"loc":{"start":{"line":51,"column":2},"end":{"line":73,"column":null}},"type":"if","locations":[{"start":{"line":51,"column":2},"end":{"line":73,"column":null}},{"start":{},"end":{}}],"line":51},"5":{"loc":{"start":{"line":53,"column":4},"end":{"line":72,"column":null}},"type":"if","locations":[{"start":{"line":53,"column":4},"end":{"line":72,"column":null}},{"start":{"line":65,"column":11},"end":{"line":72,"column":null}}],"line":53},"6":{"loc":{"start":{"line":53,"column":8},"end":{"line":53,"column":50}},"type":"binary-expr","locations":[{"start":{"line":53,"column":8},"end":{"line":53,"column":30}},{"start":{"line":53,"column":30},"end":{"line":53,"column":50}}],"line":53},"7":{"loc":{"start":{"line":80,"column":4},"end":{"line":88,"column":null}},"type":"cond-expr","locations":[{"start":{"line":81,"column":8},"end":{"line":84,"column":null}},{"start":{"line":85,"column":8},"end":{"line":88,"column":null}}],"line":80}},"s":{"0":1,"1":4,"2":6,"3":1,"4":5,"5":5,"6":5,"7":6,"8":2,"9":6,"10":6,"11":1,"12":5,"13":11,"14":5,"15":4,"16":1,"17":1,"18":1,"19":3,"20":5,"21":2,"22":2},"f":{"0":4,"1":6,"2":2,"3":6,"4":2},"b":{"0":[1,5],"1":[5,2],"2":[3,2],"3":[1,5],"4":[4,1],"5":[1,3],"6":[4,2],"7":[1,1]},"meta":{"lastBranch":8,"lastFunction":5,"lastStatement":23,"seen":{"s:5:23:5:Infinity":0,"f:6:16:6:40":0,"s:7:2:7:Infinity":1,"f:10:16:10:33":1,"b:11:2:11:Infinity:undefined:undefined:undefined:undefined":0,"s:11:2:11:Infinity":2,"s:11:29:11:Infinity":3,"s:12:16:12:Infinity":4,"s:13:15:13:Infinity":5,"s:14:22:14:Infinity":6,"b:14:22:14:46:14:46:14:Infinity":1,"s:15:2:15:Infinity":7,"b:15:23:15:46:15:46:15:Infinity":2,"f:18:16:18:35":2,"s:19:2:29:Infinity":8,"f:32:16:32:Infinity":3,"s:36:38:36:Infinity":9,"b:38:2:40:Infinity:undefined:undefined:undefined:undefined":3,"s:38:2:40:Infinity":10,"s:39:4:39:Infinity":11,"s:43:2:49:Infinity":12,"s:44:4:48:Infinity":13,"b:51:2:73:Infinity:undefined:undefined:undefined:undefined":4,"s:51:2:73:Infinity":14,"b:53:4:72:Infinity:65:11:72:Infinity":5,"s:53:4:72:Infinity":15,"b:53:8:53:30:53:30:53:50":6,"s:54:21:54:Infinity":16,"s:55:6:59:Infinity":17,"s:60:6:64:Infinity":18,"s:67:6:71:Infinity":19,"s:75:2:75:Infinity":20,"f:78:16:78:34":4,"s:80:4:88:Infinity":21,"b:81:8:84:Infinity:85:8:88:Infinity":7,"s:90:2:97:Infinity":22}}}
}
